time,temp,snr,rssi
9,17,6,-52
14,17,6,-52
20,17,5,-52
25,17,6,-52
30,17,5,-52
36,17,5,-52
41,17,6,-52
47,17,5,-52
52,17,6,-52
57,17,5,-52
63,17,5,-52
68,17,6,-52
74,17,6,-52
79,17,6,-52
84,17,6,-52
90,17,6,-52
95,17,5,-52
101,17,7,-52
106,17,6,-52
111,17,6,-51
117,17,5,-52
122,17,6,-52
128,17,5,-52
133,17,6,-52
138,17,6,-52
144,17,6,-52
149,17,6,-52
155,17,6,-52
160,17,6,-52
165,17,5,-52
171,18,6,-52
176,18,7,-52
182,18,6,-52
187,18,7,-52
192,18,6,-52
198,18,6,-52
203,18,6,-52
209,18,6,-52
214,18,6,-52
219,18,7,-52
225,18,6,-52
230,18,6,-52
236,18,6,-51
241,18,6,-52
246,18,6,-52
252,18,6,-52
257,18,7,-52
263,18,7,-52
268,18,7,-52
273,18,6,-52
279,18,6,-52
284,18,6,-52
290,18,6,-52
295,18,6,-52
300,18,6,-52
306,18,6,-52
311,18,6,-52
317,18,7,-52
322,18,6,-52
327,18,6,-52
342,18,6,-52
347,18,6,-52
353,18,7,-52
358,18,6,-52
363,18,6,-52
369,18,6,-52
374,18,6,-52
380,18,7,-52
385,18,6,-52
390,18,5,-52
396,18,6,-52
401,18,6,-52
407,18,6,-51
412,18,7,-52
417,18,6,-52
423,18,7,-52
428,18,7,-51
434,18,6,-52
439,18,7,-52
444,18,6,-52
450,18,6,-52
455,18,7,-52
461,18,5,-52
466,18,6,-52
471,18,6,-52
477,18,6,-52
482,18,6,-52
488,18,7,-52
493,18,6,-52
498,18,7,-52
504,18,6,-52
509,18,7,-52
515,18,6,-52
520,18,6,-52
525,19,6,-51
531,19,6,-51
536,18,7,-52
542,19,6,-51
547,19,6,-51
553,19,7,-51
558,19,6,-51
563,19,6,-51
569,19,6,-51
574,19,7,-51
580,19,6,-51
585,19,7,-51
590,19,6,-51
596,18,6,-52
601,18,7,-52
607,18,7,-52
612,18,7,-52
617,18,6,-52
623,18,5,-52
628,18,7,-52
634,18,7,-52
639,18,6,-52
644,18,6,-52
650,19,7,-51
655,19,6,-51
661,19,6,-51
666,19,7,-51
671,19,7,-51
677,19,6,-51
682,19,7,-51
688,19,6,-51
693,19,7,-51
698,19,7,-51
704,19,6,-52
709,19,7,-51
715,19,6,-51
720,19,6,-51
725,19,7,-52
731,19,6,-51
736,19,6,-51
742,19,7,-51
747,19,7,-51
752,19,6,-51
758,19,6,-51
763,19,6,-51
769,19,6,-51
774,19,7,-51
779,19,6,-51
785,19,6,-51
790,19,7,-51
796,19,7,-51
801,19,7,-51
806,19,6,-51
812,19,7,-51
817,19,7,-51
823,19,6,-51
828,19,6,-51
833,19,6,-51
839,19,7,-51
844,19,6,-51
850,19,6,-51
855,19,6,-51
860,19,7,-51
866,19,6,-51
871,19,7,-51
877,19,6,-51
882,19,6,-51
887,19,6,-51
893,19,7,-51
898,19,6,-51
904,19,6,-51
909,19,7,-51
914,19,6,-51
920,19,6,-51
925,19,6,-51
931,19,7,-51
936,19,6,-51
941,19,6,-51
947,19,7,-51
952,19,6,-51
958,19,7,-51
963,19,7,-51
968,19,7,-51
974,19,6,-51
979,19,8,-51
985,19,7,-58
990,19,7,-52
995,19,6,-51
1001,19,7,-51
1006,19,7,-51
1012,19,6,-51
1017,19,7,-51
1022,19,6,-51
1028,19,7,-51
1033,19,6,-51
1039,19,6,-51
1044,19,7,-51
1049,19,6,-52
1055,19,6,-52
1060,19,6,-52
1066,19,6,-52
1071,19,7,-51
1076,19,6,-52
1082,19,7,-51
1087,19,7,-52
1093,19,7,-52
1098,19,7,-52
1103,19,6,-51
1109,19,7,-51
1114,19,7,-51
1120,19,6,-51
1125,19,6,-51
1130,19,6,-51
1136,19,6,-51
1141,19,7,-51
1147,19,7,-51
1152,19,6,-51
1157,19,6,-51
1163,19,7,-51
1168,19,7,-51
1174,19,6,-51
1179,19,7,-52
1185,19,6,-52
1190,19,5,-51
1195,19,6,-52
1201,19,6,-52
1206,19,7,-52
1212,19,7,-52
1217,19,6,-52
1222,19,8,-52
1228,19,7,-51
1233,19,7,-52
1239,19,9,-51
1244,19,6,-52
1249,19,6,-52
1255,19,6,-51
1260,19,6,-51
1266,19,6,-51
1271,19,6,-51
1276,19,7,-40
1282,19,7,-51
1287,19,7,-52
1293,19,6,-51
1298,19,7,-51
1303,19,7,-51
1309,19,6,-51
1314,19,6,-51
1320,19,6,-51
1325,19,7,-51
1330,19,6,-51
1336,19,7,-52
1341,19,7,-51
1347,19,6,-51
1352,19,6,-51
1357,19,7,-51
1363,19,6,-52
1368,19,7,-52
1374,19,7,-51
1379,19,6,-52
1384,19,6,-52
1390,19,6,-52
1395,19,7,-52
1401,19,7,-52
1406,19,6,-52
1411,19,6,-52
1417,19,6,-52
1422,19,6,-51
1428,19,6,-51
1433,19,6,-52
1438,19,6,-51
1444,19,6,-52
1449,19,7,-52
1455,19,7,-51
1460,19,6,-52
1465,19,6,-52
1471,19,7,-52
1476,19,6,-51
1482,19,6,-51
1487,19,7,-51
1492,19,6,-52
1498,19,6,-51
1503,19,7,-52
1509,19,7,-51
1514,19,6,-52
1519,19,6,-52
1525,19,6,-52
1530,19,6,-52
1536,19,7,-52
1541,19,6,-52
1546,19,6,-52
1552,19,6,-51
1557,19,7,-51
1563,19,6,-52
1568,19,7,-51
1573,19,7,-51
1579,19,6,-51
1584,19,6,-51
1590,19,7,-51
1595,19,7,-51
1600,19,6,-52
1606,19,7,-52
1611,19,7,-52
1617,19,7,-51
1622,19,7,-51
1627,19,6,-51
1633,19,6,-51
1638,19,7,-51
1644,19,6,-52
1649,19,7,-51
1654,19,6,-51
1660,19,7,-51
1665,19,6,-51
1671,19,6,-51
1676,19,6,-51
1681,19,6,-51
1687,19,6,-51
1692,19,6,-51
1698,19,7,-51
1703,19,6,-51
1708,19,7,-51
1714,19,6,-51
1719,19,7,-51
1725,19,7,-51
1730,19,6,-51
1735,19,6,-51
1741,19,7,-51
1746,19,6,-51
1752,19,7,-52
1757,19,7,-51
1762,19,7,-51
1768,19,7,-52
1773,19,7,-51
1779,19,6,-51
1784,19,6,-51
1790,19,7,-52
1795,19,7,-52
1800,19,6,-52
1806,19,6,-51
1811,19,7,-51
1817,19,7,-51
1822,19,7,-51
1827,19,7,-51
1833,19,6,-51
1838,19,7,-52
1844,19,6,-51
1849,19,6,-51
1854,19,6,-51
1860,19,6,-52
1865,19,7,-51
1871,19,6,-51
1876,19,6,-52
1881,19,6,-51
1887,19,7,-51
1892,19,7,-51
1898,19,6,-51
1903,19,6,-51
1908,19,7,-51
1914,19,6,-51
1919,19,6,-51
1925,19,6,-52
1930,19,7,-51
1935,19,7,-51
1941,19,6,-52
1946,19,6,-51
1952,19,7,-52
1957,19,6,-51
1962,19,6,-51
1968,19,6,-52
1973,19,7,-52
1979,19,6,-52
1984,19,6,-52
1989,19,7,-51
1995,19,7,-51
2000,19,7,-52
2006,19,6,-52
2011,19,6,-52
2016,19,7,-51
2022,19,7,-52
2027,19,6,-52
2033,19,7,-51
2038,19,7,-51
2043,19,7,-51
2049,19,6,-52
2054,19,7,-51
2060,19,6,-51
2065,19,6,-51
2070,19,6,-51
2076,19,7,-51
2081,19,6,-51
2087,19,7,-51
2092,19,6,-51
2097,19,7,-51
2103,19,7,-52
2108,19,6,-52
2114,19,7,-52
2119,19,7,-51
2124,19,6,-51
2130,19,7,-52
2135,19,6,-52
2141,19,7,-52
2146,19,7,-52
2151,19,6,-52
2157,19,6,-51
2162,19,7,-51
2168,19,6,-51
2173,19,7,-51
2178,19,6,-51
2184,19,7,-51
2189,19,6,-51
2195,19,6,-51
2200,19,6,-51
2205,19,6,-51
2211,19,7,-51
2216,19,6,-51
2222,19,7,-51
2227,19,7,-51
2232,19,6,-51
2238,19,7,-51
2243,19,7,-51
2249,19,7,-51
2254,19,7,-51
2259,19,7,-51
2265,19,6,-51
2270,19,7,-51
2276,19,6,-51
2281,19,7,-51
2286,19,6,-51
2292,19,6,-51
2297,19,8,-51
2303,19,7,-51
2308,19,6,-51
2313,19,6,-51
2319,19,6,-51
2324,19,7,-51
2330,19,7,-51
2335,19,6,-51
2340,19,6,-51
2346,19,6,-51
2351,19,6,-51
2357,19,6,-51
2362,19,7,-51
2367,19,6,-52
2373,19,7,-52
2378,19,6,-52
2384,19,6,-51
2389,19,6,-52
2394,19,6,-51
2400,19,6,-51
2405,19,6,-52
2411,19,6,-51
2416,19,7,-53
2422,19,8,-53
2427,19,8,-53
2432,19,7,-53
2438,19,7,-52
2443,19,8,-53
2449,19,6,-52
2454,19,8,-52
2459,19,7,-52
2465,19,7,-52
2470,19,7,-52
2476,19,6,-52
2481,19,6,-52
2486,19,6,-52
2492,19,7,-52
2497,19,7,-52
2503,19,6,-52
2508,19,7,-52
2513,19,7,-52
2519,19,6,-52
2524,19,7,-52
2530,19,6,-52
2535,19,7,-52
2540,19,7,-52
2546,19,6,-52
2551,19,6,-52
2557,19,6,-52
2562,19,7,-52
2567,19,6,-52
2573,19,6,-52
2578,19,6,-52
2584,19,7,-52
2589,19,7,-52
2594,19,6,-52
2600,19,7,-52
2605,19,6,-52
2611,19,8,-54
2616,19,6,-52
2621,19,6,-52
2627,19,7,-52
2632,19,7,-51
2638,19,6,-51
2643,19,6,-51
2648,19,8,-54
2654,19,6,-52
2659,19,6,-52
2665,19,7,-52
2670,19,6,-52
2675,19,7,-51
2681,19,6,-51
2686,19,6,-51
2692,19,6,-52
2697,19,6,-53
2702,19,8,-53
2708,19,7,-53
2713,19,9,-53
2719,19,8,-53
2724,19,7,-52
2729,19,9,-53
2735,19,6,-54
2740,19,8,-52
2746,19,8,-55
2751,19,5,-54
2756,19,7,-54
2762,19,7,-53
2767,19,8,-53
2773,19,10,-52
2778,19,9,-53
2783,19,6,-53
2789,19,7,-52
2794,19,8,-53
2800,19,10,-53
2805,19,8,-53
2810,19,7,-53
2816,19,6,-54
2821,19,9,-53
2827,19,7,-52
2832,19,6,-52
2837,19,6,-51
2843,19,6,-51
2848,19,6,-53
2854,19,7,-52
2859,19,7,-52
2864,19,7,-52
2870,19,6,-52
2875,19,6,-52
2881,19,6,-51
2886,19,6,-52
2891,19,6,-52
2897,19,6,-52
2902,19,8,-53
2908,19,6,-52
2913,19,8,-52
2918,19,6,-52
2924,19,7,-54
2929,19,8,-52
2935,19,7,-52
2940,19,5,-52
2945,19,7,-52
2951,19,6,-52
2956,19,6,-52
2962,19,6,-51
2967,19,6,-51
2972,19,6,-51
2978,19,7,-53
2983,19,7,-52
2989,19,7,-52
2994,19,7,-54
2999,19,6,-53
3005,19,8,-54
3010,19,7,-53
3016,19,7,-54
3021,19,7,-55
3027,19,7,-54
3032,19,8,-53
3037,20,7,-53
3043,20,7,-55
3049,20,8,-53
3055,20,7,-53
3061,20,9,-54
3066,20,6,-52
3072,20,7,-52
3078,20,8,-53
3084,20,8,-53
3090,20,6,-52
3095,20,8,-53
3101,20,8,-53
3107,20,8,-53
3113,20,7,-52
3119,20,8,-53
3124,20,8,-52
3130,20,8,-52
3136,20,8,-53
3142,20,8,-52
3148,20,8,-53
3153,20,8,-52
3159,20,7,-52
3165,20,8,-52
3171,20,8,-53
3177,20,8,-53
3182,20,8,-52
3188,20,8,-53
3194,20,10,-53
3200,20,9,-53
3206,20,7,-52
3211,20,7,-52
3217,20,7,-52
3223,20,8,-53
3229,20,7,-55
3235,20,7,-54
3240,20,8,-53
3246,20,8,-53
3252,20,8,-53
3258,20,8,-53
3264,20,8,-53
3269,20,8,-53
3275,20,6,-56
3281,20,7,-56
3287,20,7,-56
3293,20,8,-57
3298,20,7,-56
3304,20,6,-56
3310,20,7,-56
3316,20,7,-56
3322,20,6,-56
3327,20,6,-55
3333,20,6,-54
3339,20,6,-55
3345,20,7,-54
3351,20,7,-55
3356,20,6,-54
3362,20,7,-55
3368,20,6,-52
3374,20,6,-52
3380,20,6,-52
3385,20,7,-54
3391,20,6,-56
3397,20,6,-55
3403,20,7,-56
3409,20,10,-53
3414,20,9,-55
3420,20,9,-55
3426,20,8,-55
3432,20,8,-55
3438,20,8,-55
3443,20,7,-56
3449,20,8,-54
3455,20,7,-57
3461,20,9,-52
3467,20,9,-53
3472,20,7,-52
3478,20,7,-51
3484,20,9,-54
3490,20,7,-52
3496,20,8,-53
3501,20,7,-51
3507,20,8,-52
3513,20,7,-57
3519,20,6,-52
3525,20,7,-54
3530,20,8,-54
3536,20,8,-53
3542,20,7,-54
3548,20,6,-54
3554,20,9,-53
3559,20,10,-53
3565,20,8,-53
3571,20,7,-56
3577,20,7,-53
3583,20,7,-53
3588,20,7,-54
3594,20,8,-53
3600,20,7,-54
3606,20,7,-53
3612,20,7,-55
3617,20,7,-55
3623,20,7,-56
3629,20,7,-56
3635,20,10,-53
3641,20,7,-53
3647,20,7,-53
3652,20,8,-53
3658,20,8,-52
3664,20,7,-53
3670,20,8,-52
3676,20,8,-53
3681,20,6,-55
3687,20,6,-52
3693,20,7,-59
3699,20,6,-52
3705,20,6,-51
C
3710,12,4,-52
3716,21,6,-52
3722,19,6,-52
3727,19,7,-56
3732,19,6,-56
3738,19,8,-55
3743,19,6,-52
3749,19,7,-52
3754,19,7,-54
3759,19,7,-53
3765,19,9,-53
3770,19,7,-52
3776,19,8,-53
3781,19,8,-53
3786,19,7,-52
3792,19,6,-55
3797,19,7,-53
3803,19,7,-52
3808,19,7,-54
3813,19,9,-54
3819,19,7,-52
3824,19,6,-53
3830,19,7,-54
3835,19,7,-52
3840,19,8,-54
3846,19,7,-54
3851,19,7,-53
3857,19,8,-53
3862,19,7,-54
3867,19,7,-54
3873,19,6,-54
3878,19,7,-54
3884,19,7,-52
3889,19,7,-52
3894,19,7,-55
3900,19,7,-52
3905,19,7,-52
3911,19,7,-51
3916,19,6,-51
3921,19,7,-52
3927,19,6,-52
3932,19,7,-53
3938,19,9,-53
3943,19,6,-52
3948,19,7,-52
3954,19,7,-52
3959,19,7,-52
3965,19,6,-52
3970,19,7,-52
3975,19,7,-52
3981,19,7,-52
3986,19,8,-53
3992,19,7,-52
3997,19,6,-52
4002,19,7,-52
4008,19,7,-52
4013,19,7,-52
4019,19,8,-52
4024,19,6,-51
4029,19,6,-52
4035,19,7,-53
4040,19,7,-54
4046,19,7,-54
4051,19,8,-54
4056,19,8,-54
4062,19,9,-53
4067,19,8,-52
4073,19,6,-51
4078,19,7,-51
4083,19,6,-52
4089,19,6,-52
4094,19,7,-52
4100,19,7,-57
4105,19,6,-55
4110,19,8,-51
4116,19,6,-51
4121,19,6,-51
4127,19,7,-51
4132,19,7,-51
4137,19,6,-51
4143,19,6,-51
4148,19,6,-51
4154,19,6,-51
4159,19,7,-51
4164,19,6,-51
4170,19,7,-51
4175,19,6,-51
4181,19,7,-57
4186,19,7,-52
4191,19,6,-52
4197,19,8,-56
4202,19,7,-55
4208,19,7,-57
4213,19,7,-55
4218,19,7,-55
4224,19,7,-56
4229,19,6,-55
4235,19,7,-56
4240,19,7,-57
4246,19,6,-55
4251,19,6,-55
4256,19,6,-52
4262,19,7,-51
4267,19,8,-61
4273,19,6,-59
4278,19,7,-54
4283,19,8,-52
4289,19,7,-57
4294,19,6,-52
4300,20,8,-52
4305,19,8,-51
4311,19,6,-51
4316,19,7,-54
4322,19,7,-52
4327,19,6,-52
4332,19,7,-52
4338,19,7,-53
4343,19,8,-52
4349,19,9,-52
4354,19,7,-64
4359,19,5,-51
4365,19,6,-51
4370,19,7,-52
4376,19,7,-52
4381,19,7,-52
4386,19,8,-52
4392,19,7,-53
4397,19,7,-53
4403,19,7,-52
4408,19,7,-52
4413,19,7,-53
4419,19,7,-53
4424,19,8,-53
4430,19,8,-53
4435,19,9,-53
4440,19,8,-53
4446,19,8,-53
4451,19,8,-53
4457,19,7,-53
4462,19,7,-53
4467,19,8,-55
4473,19,7,-57
4478,19,7,-57
4484,19,7,-59
4489,19,7,-58
4494,19,8,-57
4500,19,7,-57
4505,19,7,-57
4511,19,7,-60
4516,19,7,-54
4521,19,6,-56
4527,19,8,-60
4532,19,6,-56
4538,19,7,-57
4543,19,6,-54
4548,19,7,-56
4554,19,6,-55
4559,19,6,-56
4565,19,7,-54
4570,19,8,-55
4575,19,7,-54
4581,19,7,-54
4586,19,7,-55
4592,19,6,-55
4597,19,7,-54
4602,19,7,-54
4608,19,8,-55
4613,19,6,-55
4619,19,7,-55
4624,19,7,-54
4629,19,6,-53
4635,19,9,-58
4640,19,7,-60
4646,19,7,-55
4651,19,7,-56
4656,19,7,-56
4662,19,7,-54
4667,19,8,-60
4673,19,8,-58
4678,19,7,-55
4683,19,7,-52
4689,19,6,-57
4694,19,8,-57
4700,19,7,-57
4705,19,7,-61
4710,19,6,-61
4716,19,7,-61
4721,19,6,-61
4727,19,6,-61
4732,19,8,-63
4737,19,8,-63
4743,19,7,-63
4748,19,8,-63
4754,19,7,-63
4759,19,5,-52
4764,19,7,-52
4770,19,8,-53
4775,19,9,-53
4781,19,7,-54
4786,19,6,-63
4791,19,7,-52
4797,19,6,-54
4802,19,6,-56
4826,19,6,-51
4831,19,6,-52
4836,19,5,-52
4851,19,6,-52
4856,19,6,-52
4862,19,7,-51
4867,19,7,-51
4873,19,6,-52
4878,19,6,-51
4883,19,6,-51
4889,19,6,-51
4903,19,4,-48
4918,19,6,-51
4941,18,5,-52
4946,18,6,-52
4952,18,6,-52
4966,18,6,-52
4972,18,7,-52
4977,18,6,-52
4982,18,6,-52
4988,18,6,-52
4993,19,6,-51
4999,19,6,-51
5004,18,6,-52
5009,19,6,-51
5015,19,6,-51
5020,19,7,-51
5026,18,7,-52
5031,19,6,-51
5036,18,6,-52
5042,19,6,-51
5047,19,6,-51
5053,19,7,-51
5058,19,7,-51
5063,19,7,-51
5069,19,6,-51
5074,19,6,-51
5080,19,6,-51
5085,19,6,-51
5090,19,6,-51
5096,19,6,-51
5101,19,6,-51
5107,19,7,-54
5112,18,6,-52
5117,19,6,-51
5123,19,6,-51
5128,19,6,-51
5134,18,7,-52
5139,19,6,-51
5144,19,6,-51
5150,19,6,-51
5155,19,6,-51
5161,19,6,-51
5166,19,6,-51
5171,19,6,-51
5177,19,6,-51
5182,19,6,-51
5188,19,8,-51
5193,19,6,-51
5198,19,6,-51
5204,19,7,-51
5209,19,6,-51
5215,19,7,-51
5220,19,7,-51
5225,19,6,-51
5231,19,6,-51
5236,19,6,-51
5242,19,6,-51
5247,19,6,-51
5252,19,6,-51
5258,19,6,-51
5263,19,6,-51
5269,19,6,-51
5274,19,7,-51
5279,19,5,-51
5285,19,6,-51
5290,19,6,-51
5296,19,7,-51
5301,19,5,-51
5306,19,6,-51
5312,19,6,-51
5317,19,6,-51
5323,19,7,-51
5328,19,6,-51
5333,19,7,-51
5339,18,6,-52
5344,18,6,-52
5350,18,7,-52
5355,18,6,-52
5360,19,6,-51
5366,19,7,-51
5371,19,5,-51
5377,19,7,-51
5382,19,7,-51
5387,19,5,-51
5393,19,5,-51
5398,19,6,-51
5404,18,7,-52
5409,18,6,-52
5414,19,7,-51
5420,19,6,-51
5425,19,6,-51
5431,19,6,-51
5436,19,7,-51
5441,19,7,-51
5447,19,7,-51
5452,19,6,-51
5458,19,6,-51
5463,19,7,-51
5468,20,6,-59
5474,19,6,-51
5480,19,7,-51
5485,19,6,-51
5490,19,6,-51
5496,19,6,-51
5501,19,7,-51
5507,19,6,-51
5512,19,6,-51
5517,19,6,-51
5523,19,6,-51
5528,19,6,-51
5534,19,6,-51
5539,19,6,-51
5545,19,6,-51
5550,19,7,-51
5555,19,7,-51
5561,19,6,-51
5566,19,6,-51
5572,19,6,-51
5577,19,6,-51
5582,19,6,-51
5588,19,7,-52
5593,19,7,-52
5599,19,6,-52
5604,19,6,-52
5609,19,6,-53
5615,19,7,-52
5620,19,7,-52
5626,19,6,-53
5631,19,6,-53
5636,19,6,-52
5642,19,6,-53
5647,19,6,-53
5653,19,6,-53
5658,19,6,-52
5663,19,7,-53
5669,19,6,-53
5674,19,6,-52
5680,19,6,-52
5685,19,6,-53
5690,19,7,-52
5696,19,6,-52
5701,19,7,-52
5707,19,6,-53
5712,19,7,-53
5717,19,7,-53
5723,19,6,-52
5728,18,6,-54
5734,19,6,-53
5739,19,6,-53
5744,19,6,-53
5750,19,6,-53
5755,19,7,-53
5761,19,6,-52
5766,19,6,-52
5771,19,6,-52
5777,19,7,-53
5782,19,6,-52
5788,19,6,-53
5793,19,6,-53
5798,19,8,-53
5804,19,6,-53
5809,19,6,-53
5815,19,6,-52
5820,19,6,-52
5825,19,6,-52
5831,19,6,-53
5836,19,6,-53
5842,19,6,-53
5847,19,7,-53
5852,19,6,-52
5858,19,6,-52
5863,19,7,-53
5869,19,7,-53
5874,19,7,-53
5879,19,6,-52
5885,19,6,-52
5890,19,6,-52
5896,19,6,-53
5901,19,6,-52
5906,19,6,-53
5912,19,7,-53
5917,19,6,-52
5923,19,6,-53
5928,19,6,-52
5933,19,6,-53
5939,19,7,-53
5944,19,7,-53
5950,19,6,-53
5955,19,7,-51
5960,18,6,-53
5966,18,6,-54
5971,19,6,-53
5977,18,5,-53
5982,18,6,-53
5987,18,6,-53
5993,19,6,-52
5998,19,6,-53
6004,19,6,-53
6009,19,7,-53
6014,19,7,-52
6020,19,6,-53
6025,19,7,-53
6031,19,6,-52
6036,19,6,-53
6041,19,6,-52
6047,19,6,-53
6052,19,6,-52
6058,19,6,-53
6063,18,6,-53
6068,19,6,-52
6074,19,6,-52
6079,18,6,-53
6085,18,6,-53
6090,19,6,-53
6095,19,7,-53
6101,19,6,-53
6106,19,6,-53
6112,18,6,-53
6117,18,6,-54
6122,18,6,-54
6128,19,7,-52
6133,19,6,-53
6139,19,6,-53
6144,19,6,-53
6150,19,7,-53
6155,19,6,-52
6160,19,6,-53
6166,19,6,-52
6171,19,6,-53
6177,19,7,-52
6182,19,7,-52
6187,19,6,-53
6193,19,6,-53
6198,18,6,-54
6204,19,6,-53
6209,18,6,-53
6214,18,6,-54
6220,18,6,-54
6225,18,6,-53
6231,18,7,-53
6236,18,6,-53
6241,18,6,-54
6247,18,6,-54
6252,18,6,-53
6258,18,6,-54
6263,18,6,-54
6268,18,6,-54
6274,18,6,-54
6279,18,6,-53
6285,18,6,-54
6290,18,6,-53
6295,18,6,-54
6301,18,6,-53
6306,18,7,-54
6312,18,7,-54
6317,18,6,-53
6322,18,6,-54
6328,18,6,-53
6333,18,5,-53
6339,18,6,-53
6344,19,6,-53
6349,19,6,-53
6355,18,6,-53
6360,18,7,-54
6366,18,6,-53
6371,18,6,-54
6376,18,6,-53
6382,18,6,-54
6387,18,6,-53
6393,18,6,-54
6398,18,6,-54
6403,18,6,-53
6409,18,6,-53
6414,18,6,-53
6420,18,7,-54
6425,18,6,-54
6430,18,6,-54
6436,18,6,-53
6441,18,6,-53
6447,18,6,-54
6452,18,7,-53
6457,18,6,-54
6463,18,6,-54
6468,18,6,-54
6474,18,6,-53
6479,18,6,-54
6484,18,6,-53
6490,18,6,-54
6495,18,6,-54
6501,18,7,-53
6506,18,6,-53
6511,18,6,-53
6517,18,6,-54
6522,18,6,-53
6528,18,6,-54
6533,18,7,-53
6538,18,6,-53
6544,18,7,-53
6549,18,6,-53
6555,18,6,-54
6560,18,7,-54
6565,18,6,-54
6571,18,6,-54
6576,18,7,-54
6582,18,6,-53
6587,18,7,-54
6592,18,6,-54
6598,18,6,-53
6603,18,6,-53
6609,18,6,-53
6614,18,6,-53
6619,18,7,-54
6625,18,6,-53
6630,18,6,-53
6636,18,6,-53
6641,18,6,-54
6646,18,6,-53
6652,18,6,-54
6657,18,6,-54
6663,18,6,-53
6668,18,6,-54
6673,18,6,-53
6679,18,7,-54
6684,18,6,-54
6690,18,7,-54
6695,18,6,-53
6700,18,6,-54
6706,18,6,-54
6711,18,6,-53
6717,18,6,-54
6722,18,6,-53
6727,18,6,-54
6733,18,6,-54
6738,18,6,-54
6744,18,6,-53
6749,18,7,-54
6755,18,6,-53
6760,18,6,-54
6765,18,6,-54
6771,18,6,-53
6776,18,6,-53
6782,18,6,-53
6787,18,6,-54
6792,18,6,-53
6798,18,7,-54
6803,18,6,-54
6809,18,6,-53
6814,18,6,-54
6819,18,7,-54
6825,18,7,-53
6830,18,6,-54
6836,18,6,-54
6841,18,7,-53
6846,18,6,-53
6852,18,6,-54
6857,18,7,-54
6863,18,6,-53
6868,18,6,-53
6873,18,6,-53
6879,18,6,-53
6884,18,6,-53
6890,18,6,-53
6895,18,7,-54
6900,18,6,-54
6906,18,6,-54
6911,18,6,-52
6917,18,6,-53
6922,18,6,-53
6927,18,6,-53
6933,18,6,-54
6938,18,6,-54
6944,18,6,-53
6949,18,6,-54
6954,18,6,-53
6960,18,6,-53
6965,18,6,-53
6971,18,6,-53
6976,18,6,-54
6981,18,7,-53
6987,18,6,-53
6992,18,6,-54
6998,18,6,-54
7003,18,5,-54
7008,18,6,-54
7014,18,6,-54
7019,18,6,-54
7025,18,6,-53
7030,18,6,-54
7035,18,6,-53
7041,18,6,-53
7046,18,6,-53
7052,18,6,-54
7057,18,6,-53
7062,18,6,-53
7068,18,7,-54
7073,18,6,-53
7079,18,6,-53
7084,18,7,-54
7089,18,6,-53
7095,18,7,-54
7100,18,7,-53
7106,18,6,-53
7111,18,6,-53
7116,18,6,-53
7122,18,6,-54
7127,18,7,-54
7133,18,6,-53
7138,18,6,-54
7143,18,6,-53
7149,18,7,-54
7154,18,7,-53
7160,18,6,-53
7165,18,6,-54
7170,18,7,-54
7176,18,6,-53
7181,18,6,-53
7187,18,6,-54
7192,18,7,-54
7197,18,6,-54
7203,18,6,-53
7208,18,6,-53
7214,18,6,-53
7219,19,7,-52
7224,19,7,-53
7230,19,7,-52
7235,19,7,-53
7241,19,6,-52
7246,19,6,-53
7251,19,7,-53
7257,19,7,-53
7262,19,6,-53
7268,19,6,-53
7273,19,7,-53
7278,19,7,-52
7284,19,5,-53
7289,19,6,-52
7295,19,6,-51
7300,19,6,-53
7305,19,7,-53
7311,19,6,-53
7316,19,6,-53
7322,19,6,-52
7327,19,6,-53
7332,19,7,-53
7338,19,6,-52
7343,19,6,-53
7349,19,6,-53
7354,19,6,-52
7360,19,6,-52
7365,19,7,-53
7370,19,6,-53
7376,19,6,-53
7381,19,6,-53
7387,19,6,-53
7392,19,7,-53
7397,19,6,-53
7403,19,7,-53
7408,19,6,-53
7414,19,6,-53
7419,19,7,-52
7424,19,6,-53
7430,19,7,-53
7435,19,7,-53
7441,19,6,-53
7446,19,7,-53
7451,19,7,-52
7457,19,6,-53
7462,19,6,-52
7468,19,7,-53
7473,19,6,-53
7478,19,6,-53
7484,19,6,-53
7489,19,6,-53
7495,19,6,-52
7500,19,6,-53
7505,19,6,-53
7511,19,6,-52
7516,19,6,-52
7522,19,6,-53
7527,19,6,-52
7532,19,6,-53
7538,19,7,-53
7543,19,7,-53
7549,19,6,-52
7554,19,6,-53
7559,19,7,-53
7565,19,6,-53
7570,19,6,-53
7576,19,6,-53
7581,19,6,-52
7586,19,7,-53
7592,19,7,-53
7597,19,6,-53
7603,19,7,-53
7608,19,7,-52
7613,19,6,-53
7619,19,6,-53
7624,19,7,-52
7630,19,6,-52
7635,19,6,-52
7640,19,6,-52
7646,19,6,-53
7651,19,6,-53
7657,19,6,-53
7662,19,6,-53
7667,19,6,-53
7673,19,6,-53
7678,19,6,-52
7684,19,6,-53
7689,19,7,-53
7694,19,7,-53
7700,19,7,-52
7705,19,6,-52
7711,19,6,-53
7716,19,6,-52
7721,19,6,-53
7727,19,6,-53
7732,19,6,-53
7738,19,6,-53
7743,19,6,-53
7748,19,7,-52
7754,19,6,-52
7759,19,6,-53
7765,19,6,-52
7770,19,6,-52
7775,19,6,-53
7781,19,6,-53
7786,19,6,-52
7792,19,6,-53
7797,19,7,-53
7802,19,5,-52
7808,19,6,-53
7813,19,7,-52
7819,19,6,-53
7824,19,7,-53
7829,19,6,-52
7835,19,6,-52
7840,19,5,-53
7846,19,6,-53
7851,19,7,-53
7856,19,5,-52
7862,19,6,-53
7867,19,6,-53
7873,19,6,-53
7878,19,6,-53
7883,19,6,-53
7889,19,7,-52
7894,19,7,-53
7900,19,6,-52
7905,19,7,-52
7910,19,7,-52
7916,19,6,-53
7921,19,6,-53
7927,19,6,-53
7932,19,7,-53
7937,19,7,-53
7943,19,5,-53
7948,19,5,-53
7954,19,6,-52
7959,19,6,-52
7965,19,6,-52
7970,19,7,-53
7975,18,7,-53
7981,18,6,-53
7986,18,6,-53
7992,18,6,-53
7997,18,6,-53
8002,19,6,-52
8008,18,6,-53
8013,18,7,-53
8019,18,6,-54
8024,18,7,-54
8029,18,6,-54
8035,18,6,-54
8040,18,6,-54
8046,18,6,-54
8051,18,6,-53
8056,18,6,-53
8062,18,6,-53
8067,18,6,-53
8073,18,6,-54
8078,18,7,-53
8083,18,6,-53
8089,18,6,-54
8094,18,7,-53
8100,18,7,-54
8105,18,7,-54
8110,18,6,-54
8116,18,6,-53
8121,18,6,-54
8127,18,6,-53
8132,18,6,-53
8137,18,6,-53
8143,18,5,-53
8148,18,6,-54
8154,18,6,-54
8159,18,6,-53
8164,18,7,-54
8170,18,6,-53
8175,18,6,-54
8181,18,6,-53
8186,18,6,-53
8191,18,6,-53
8197,18,6,-53
8202,18,6,-52
8208,18,6,-54
8213,18,5,-53
8218,18,6,-54
8224,18,6,-54
8229,18,6,-53
8235,18,6,-54
8240,18,6,-54
8245,18,6,-54
8251,18,6,-53
8256,18,6,-54
8262,18,6,-53
8267,18,6,-53
8272,18,7,-54
8278,18,6,-53
8283,18,7,-53
8289,18,6,-54
8294,18,6,-53
8299,18,6,-53
8305,18,6,-53
8310,18,6,-53
8316,18,6,-54
8321,18,6,-53
8326,18,5,-53
8332,18,6,-54
8337,18,6,-54
8343,18,6,-53
8348,18,6,-54
8353,18,6,-53
8359,18,6,-53
8364,18,6,-54
8370,18,6,-53
8375,18,6,-53
8380,18,6,-53
8386,18,6,-54
8391,18,6,-54
8397,18,6,-54
8402,18,6,-54
8407,18,6,-54
8413,18,6,-53
8418,18,6,-53
8424,18,6,-54
8429,18,6,-53
8434,18,6,-54
8440,18,6,-53
8445,18,7,-53
8451,18,6,-54
8456,18,6,-54
8461,18,5,-53
8467,18,6,-53
8472,18,6,-53
8478,18,6,-53
8483,18,6,-53
8488,18,6,-52
8494,18,5,-53
8499,18,6,-53
8505,18,7,-53
8510,18,6,-54
8515,18,6,-53
8521,18,6,-52
8526,18,7,-53
8532,18,7,-53
8537,18,6,-53
8542,18,6,-53
8548,18,6,-53
8553,18,6,-53
8559,18,6,-53
8564,18,6,-53
8570,18,7,-53
8575,18,6,-54
8580,18,6,-54
8586,18,6,-54
8591,18,6,-54
8597,18,6,-53
8602,18,7,-54
8607,18,6,-53
8613,18,6,-54
8618,18,6,-54
8624,18,6,-53
8629,18,6,-53
8634,18,6,-54
8640,18,6,-53
8645,18,7,-54
8651,18,6,-53
8656,18,7,-54
8661,18,6,-54
8667,18,7,-53
8672,18,7,-52
8678,18,6,-54
8683,18,6,-53
8688,18,6,-53
8694,18,6,-54
8699,18,5,-54
8705,18,6,-53
8710,18,7,-54
8715,18,6,-54
8721,18,6,-53
8726,18,7,-54
8732,18,6,-53
8737,18,6,-54
8742,18,6,-54
8748,18,6,-54
8753,18,7,-53
8759,18,6,-53
8764,18,6,-54
8769,18,6,-54
8775,18,6,-54
8780,18,6,-53
8786,18,6,-54
8791,18,6,-54
8796,18,7,-53
8802,18,6,-54
8807,18,6,-54
8813,18,6,-54
8818,18,6,-54
8823,18,6,-53
8829,18,7,-53
8834,18,6,-54
8840,18,6,-53
8845,18,6,-54
8850,18,7,-54
8856,18,6,-54
8861,18,6,-53
8867,18,7,-54
8872,18,6,-53
8877,18,6,-53
8883,18,6,-54
8888,18,6,-53
8894,18,6,-54
8899,18,7,-54
8904,18,6,-53
8910,18,6,-54
8915,18,7,-54
8921,18,6,-54
8926,18,7,-53
8931,18,5,-53
8937,18,6,-53
8942,18,7,-53
8948,18,6,-54
8953,18,6,-53
8958,18,7,-54
8964,18,7,-53
8969,18,6,-53
8975,18,7,-54
8980,18,6,-54
8985,18,7,-54
8991,18,6,-54
8996,18,6,-54
9002,18,6,-54
9007,18,6,-53
9012,18,6,-53
9018,18,6,-54
9023,18,6,-54
9029,18,6,-54
9034,18,6,-53
9039,18,6,-53
9045,18,6,-54
9050,18,6,-54
9056,18,7,-54
9061,18,7,-53
9066,18,6,-53
9072,18,6,-54
9077,18,6,-54
9083,18,6,-54
9088,18,6,-53
9093,18,7,-54
9099,18,6,-53
9104,18,6,-53
9110,18,6,-53
9115,18,7,-53
9120,18,6,-54
9126,18,6,-54
9131,18,6,-54
9137,18,6,-53
9142,18,6,-53
9147,18,6,-53
9153,18,6,-53
9158,18,6,-54
9164,19,6,-53
9169,20,6,-52
9175,21,6,-54
9181,24,7,-53
9187,38,8,-54
9194,47,8,-53
9201,56,6,-53
